<?xml version="1.0" encoding="utf-8"?>
<TestRun id="9b4b9e15-5c6f-405f-b7cb-d6a5537dab74" name="@Amris-MacBook-Pro 2025-09-24 08:08:43" xmlns="http://microsoft.com/schemas/VisualStudio/TeamTest/2010">
  <Times creation="2025-09-24T08:08:43.3816240+05:30" queuing="2025-09-24T08:08:43.3816240+05:30" start="2025-09-24T08:08:36.9743970+05:30" finish="2025-09-24T08:08:43.6695130+05:30" />
  <TestSettings name="default" id="bd4b8775-a493-4d48-a8f4-dafec586ccdb">
    <Deployment runDeploymentRoot="_Amris-MacBook-Pro_2025-09-24_08_08_43" />
  </TestSettings>
  <Results>
    <UnitTestResult executionId="b3b4cf1a-2032-4f88-93ce-f79367ed5cff" testId="a2dfa18b-b084-6dc4-aa9d-e1a6fc70cae7" testName="PetCare.Integration.Tests.BasicIntegrationTests.GetPets_WithoutAuthentication_ShouldReturnUnauthorized" computerName="Amris-MacBook-Pro" duration="00:00:00.0010000" startTime="2025-09-24T08:08:42.9557080+05:30" endTime="2025-09-24T08:08:42.9557300+05:30" testType="13cdc9d9-ddb5-4fa4-a97d-d965ccfc6d4b" outcome="Failed" testListId="8c84fa94-04c1-424b-9868-57a2d4851a1d" relativeResultsDirectory="b3b4cf1a-2032-4f88-93ce-f79367ed5cff">
      <Output>
        <ErrorInfo>
          <Message>System.InvalidOperationException : Services for database providers 'Pomelo.EntityFrameworkCore.MySql', 'Microsoft.EntityFrameworkCore.InMemory' have been registered in the service provider. Only a single database provider can be registered in a service provider. If possible, ensure that Entity Framework is managing its service provider by removing the call to 'UseInternalServiceProvider'. Otherwise, consider conditionally registering the database provider, or maintaining one service provider per database provider.</Message>
          <StackTrace>   at Microsoft.EntityFrameworkCore.Internal.DbContextServices.Initialize(IServiceProvider scopedProvider, DbContextOptions contextOptions, DbContext context)
   at Microsoft.EntityFrameworkCore.DbContext.get_ContextServices()
   at Microsoft.EntityFrameworkCore.DbContext.get_InternalServiceProvider()
   at Microsoft.EntityFrameworkCore.DbContext.Microsoft.EntityFrameworkCore.Infrastructure.IInfrastructure&lt;System.IServiceProvider&gt;.get_Instance()
   at Microsoft.EntityFrameworkCore.Infrastructure.DatabaseFacade.Microsoft.EntityFrameworkCore.Infrastructure.IInfrastructure&lt;System.IServiceProvider&gt;.get_Instance()
   at Microsoft.EntityFrameworkCore.RelationalDatabaseFacadeExtensions.GetRelationalService[TService](IInfrastructure`1 databaseFacade)
   at Microsoft.EntityFrameworkCore.RelationalDatabaseFacadeExtensions.Migrate(DatabaseFacade databaseFacade)
   at Program.&lt;Main&gt;$(String[] args) in /Users/amrifazlul/Downloads/PetCarePlus2/backend/src/PetCare.Api/Program.cs:line 156
   at System.RuntimeMethodHandle.InvokeMethod(Object target, Void** arguments, Signature sig, Boolean isConstructor)
   at System.Reflection.MethodBaseInvoker.InvokeDirectByRefWithFewArgs(Object obj, Span`1 copyOfArgs, BindingFlags invokeAttr)
--- End of stack trace from previous location ---
   at Microsoft.AspNetCore.Mvc.Testing.DeferredHostBuilder.DeferredHost.StartAsync(CancellationToken cancellationToken)
   at Microsoft.Extensions.Hosting.HostingAbstractionsHostExtensions.Start(IHost host)
   at Microsoft.AspNetCore.Mvc.Testing.WebApplicationFactory`1.CreateHost(IHostBuilder builder)
   at Microsoft.AspNetCore.Mvc.Testing.WebApplicationFactory`1.DelegatedWebApplicationFactory.CreateHost(IHostBuilder builder)
   at Microsoft.AspNetCore.Mvc.Testing.WebApplicationFactory`1.ConfigureHostBuilder(IHostBuilder hostBuilder)
   at Microsoft.AspNetCore.Mvc.Testing.WebApplicationFactory`1.EnsureServer()
   at Microsoft.AspNetCore.Mvc.Testing.WebApplicationFactory`1.CreateDefaultClient(DelegatingHandler[] handlers)
   at Microsoft.AspNetCore.Mvc.Testing.WebApplicationFactory`1.CreateDefaultClient(Uri baseAddress, DelegatingHandler[] handlers)
   at Microsoft.AspNetCore.Mvc.Testing.WebApplicationFactory`1.CreateClient(WebApplicationFactoryClientOptions options)
   at Microsoft.AspNetCore.Mvc.Testing.WebApplicationFactory`1.CreateClient()
   at PetCare.Integration.Tests.BasicIntegrationTests..ctor(WebApplicationFactory`1 factory) in /Users/amrifazlul/Downloads/PetCarePlus2/backend/tests/PetCare.Integration.Tests/BasicIntegrationTests.cs:line 46
   at System.RuntimeMethodHandle.InvokeMethod(Object target, Void** arguments, Signature sig, Boolean isConstructor)
   at System.Reflection.MethodBaseInvoker.InvokeDirectByRefWithFewArgs(Object obj, Span`1 copyOfArgs, BindingFlags invokeAttr)</StackTrace>
        </ErrorInfo>
      </Output>
    </UnitTestResult>
    <UnitTestResult executionId="0a7a5fe0-15a4-43a9-890b-b23d36dd902a" testId="03d42b74-b08e-ef58-b1d4-1d2b0953c3b6" testName="PetCare.Integration.Tests.BasicIntegrationTests.GetPets_WithInvalidToken_ShouldReturnUnauthorized" computerName="Amris-MacBook-Pro" duration="00:00:00.0010000" startTime="2025-09-24T08:08:43.0454700+05:30" endTime="2025-09-24T08:08:43.0454700+05:30" testType="13cdc9d9-ddb5-4fa4-a97d-d965ccfc6d4b" outcome="Failed" testListId="8c84fa94-04c1-424b-9868-57a2d4851a1d" relativeResultsDirectory="0a7a5fe0-15a4-43a9-890b-b23d36dd902a">
      <Output>
        <ErrorInfo>
          <Message>System.InvalidOperationException : Services for database providers 'Pomelo.EntityFrameworkCore.MySql', 'Microsoft.EntityFrameworkCore.InMemory' have been registered in the service provider. Only a single database provider can be registered in a service provider. If possible, ensure that Entity Framework is managing its service provider by removing the call to 'UseInternalServiceProvider'. Otherwise, consider conditionally registering the database provider, or maintaining one service provider per database provider.</Message>
          <StackTrace>   at Microsoft.EntityFrameworkCore.Internal.DbContextServices.Initialize(IServiceProvider scopedProvider, DbContextOptions contextOptions, DbContext context)
   at Microsoft.EntityFrameworkCore.DbContext.get_ContextServices()
   at Microsoft.EntityFrameworkCore.DbContext.get_InternalServiceProvider()
   at Microsoft.EntityFrameworkCore.DbContext.Microsoft.EntityFrameworkCore.Infrastructure.IInfrastructure&lt;System.IServiceProvider&gt;.get_Instance()
   at Microsoft.EntityFrameworkCore.Infrastructure.DatabaseFacade.Microsoft.EntityFrameworkCore.Infrastructure.IInfrastructure&lt;System.IServiceProvider&gt;.get_Instance()
   at Microsoft.EntityFrameworkCore.RelationalDatabaseFacadeExtensions.GetRelationalService[TService](IInfrastructure`1 databaseFacade)
   at Microsoft.EntityFrameworkCore.RelationalDatabaseFacadeExtensions.Migrate(DatabaseFacade databaseFacade)
   at Program.&lt;Main&gt;$(String[] args) in /Users/amrifazlul/Downloads/PetCarePlus2/backend/src/PetCare.Api/Program.cs:line 156
   at InvokeStub_Program.&lt;Main&gt;$(Object, Span`1)
   at System.Reflection.MethodBaseInvoker.InvokeWithOneArg(Object obj, BindingFlags invokeAttr, Binder binder, Object[] parameters, CultureInfo culture)
--- End of stack trace from previous location ---
   at Microsoft.AspNetCore.Mvc.Testing.DeferredHostBuilder.DeferredHost.StartAsync(CancellationToken cancellationToken)
   at Microsoft.Extensions.Hosting.HostingAbstractionsHostExtensions.Start(IHost host)
   at Microsoft.AspNetCore.Mvc.Testing.WebApplicationFactory`1.CreateHost(IHostBuilder builder)
   at Microsoft.AspNetCore.Mvc.Testing.WebApplicationFactory`1.DelegatedWebApplicationFactory.CreateHost(IHostBuilder builder)
   at Microsoft.AspNetCore.Mvc.Testing.WebApplicationFactory`1.ConfigureHostBuilder(IHostBuilder hostBuilder)
   at Microsoft.AspNetCore.Mvc.Testing.WebApplicationFactory`1.EnsureServer()
   at Microsoft.AspNetCore.Mvc.Testing.WebApplicationFactory`1.CreateDefaultClient(DelegatingHandler[] handlers)
   at Microsoft.AspNetCore.Mvc.Testing.WebApplicationFactory`1.CreateDefaultClient(Uri baseAddress, DelegatingHandler[] handlers)
   at Microsoft.AspNetCore.Mvc.Testing.WebApplicationFactory`1.CreateClient(WebApplicationFactoryClientOptions options)
   at Microsoft.AspNetCore.Mvc.Testing.WebApplicationFactory`1.CreateClient()
   at PetCare.Integration.Tests.BasicIntegrationTests..ctor(WebApplicationFactory`1 factory) in /Users/amrifazlul/Downloads/PetCarePlus2/backend/tests/PetCare.Integration.Tests/BasicIntegrationTests.cs:line 46
   at InvokeStub_BasicIntegrationTests..ctor(Object, Span`1)
   at System.Reflection.MethodBaseInvoker.InvokeWithOneArg(Object obj, BindingFlags invokeAttr, Binder binder, Object[] parameters, CultureInfo culture)</StackTrace>
        </ErrorInfo>
      </Output>
    </UnitTestResult>
    <UnitTestResult executionId="3992113e-001f-49fc-a0f2-fc7b1d243b47" testId="91159039-06b8-f973-34ee-55d4c8b8917e" testName="PetCare.Integration.Tests.BasicIntegrationTests.ApiHealth_ShouldReturnOk" computerName="Amris-MacBook-Pro" duration="00:00:00.0010000" startTime="2025-09-24T08:08:43.0044740+05:30" endTime="2025-09-24T08:08:43.0044740+05:30" testType="13cdc9d9-ddb5-4fa4-a97d-d965ccfc6d4b" outcome="Failed" testListId="8c84fa94-04c1-424b-9868-57a2d4851a1d" relativeResultsDirectory="3992113e-001f-49fc-a0f2-fc7b1d243b47">
      <Output>
        <ErrorInfo>
          <Message>System.InvalidOperationException : Services for database providers 'Pomelo.EntityFrameworkCore.MySql', 'Microsoft.EntityFrameworkCore.InMemory' have been registered in the service provider. Only a single database provider can be registered in a service provider. If possible, ensure that Entity Framework is managing its service provider by removing the call to 'UseInternalServiceProvider'. Otherwise, consider conditionally registering the database provider, or maintaining one service provider per database provider.</Message>
          <StackTrace>   at Microsoft.EntityFrameworkCore.Internal.DbContextServices.Initialize(IServiceProvider scopedProvider, DbContextOptions contextOptions, DbContext context)
   at Microsoft.EntityFrameworkCore.DbContext.get_ContextServices()
   at Microsoft.EntityFrameworkCore.DbContext.get_InternalServiceProvider()
   at Microsoft.EntityFrameworkCore.DbContext.Microsoft.EntityFrameworkCore.Infrastructure.IInfrastructure&lt;System.IServiceProvider&gt;.get_Instance()
   at Microsoft.EntityFrameworkCore.Infrastructure.DatabaseFacade.Microsoft.EntityFrameworkCore.Infrastructure.IInfrastructure&lt;System.IServiceProvider&gt;.get_Instance()
   at Microsoft.EntityFrameworkCore.RelationalDatabaseFacadeExtensions.GetRelationalService[TService](IInfrastructure`1 databaseFacade)
   at Microsoft.EntityFrameworkCore.RelationalDatabaseFacadeExtensions.Migrate(DatabaseFacade databaseFacade)
   at Program.&lt;Main&gt;$(String[] args) in /Users/amrifazlul/Downloads/PetCarePlus2/backend/src/PetCare.Api/Program.cs:line 156
   at InvokeStub_Program.&lt;Main&gt;$(Object, Span`1)
   at System.Reflection.MethodBaseInvoker.InvokeWithOneArg(Object obj, BindingFlags invokeAttr, Binder binder, Object[] parameters, CultureInfo culture)
--- End of stack trace from previous location ---
   at Microsoft.AspNetCore.Mvc.Testing.DeferredHostBuilder.DeferredHost.StartAsync(CancellationToken cancellationToken)
   at Microsoft.Extensions.Hosting.HostingAbstractionsHostExtensions.Start(IHost host)
   at Microsoft.AspNetCore.Mvc.Testing.WebApplicationFactory`1.CreateHost(IHostBuilder builder)
   at Microsoft.AspNetCore.Mvc.Testing.WebApplicationFactory`1.DelegatedWebApplicationFactory.CreateHost(IHostBuilder builder)
   at Microsoft.AspNetCore.Mvc.Testing.WebApplicationFactory`1.ConfigureHostBuilder(IHostBuilder hostBuilder)
   at Microsoft.AspNetCore.Mvc.Testing.WebApplicationFactory`1.EnsureServer()
   at Microsoft.AspNetCore.Mvc.Testing.WebApplicationFactory`1.CreateDefaultClient(DelegatingHandler[] handlers)
   at Microsoft.AspNetCore.Mvc.Testing.WebApplicationFactory`1.CreateDefaultClient(Uri baseAddress, DelegatingHandler[] handlers)
   at Microsoft.AspNetCore.Mvc.Testing.WebApplicationFactory`1.CreateClient(WebApplicationFactoryClientOptions options)
   at Microsoft.AspNetCore.Mvc.Testing.WebApplicationFactory`1.CreateClient()
   at PetCare.Integration.Tests.BasicIntegrationTests..ctor(WebApplicationFactory`1 factory) in /Users/amrifazlul/Downloads/PetCarePlus2/backend/tests/PetCare.Integration.Tests/BasicIntegrationTests.cs:line 46
   at InvokeStub_BasicIntegrationTests..ctor(Object, Span`1)
   at System.Reflection.MethodBaseInvoker.InvokeWithOneArg(Object obj, BindingFlags invokeAttr, Binder binder, Object[] parameters, CultureInfo culture)</StackTrace>
        </ErrorInfo>
      </Output>
    </UnitTestResult>
  </Results>
  <TestDefinitions>
    <UnitTest name="PetCare.Integration.Tests.BasicIntegrationTests.GetPets_WithInvalidToken_ShouldReturnUnauthorized" storage="/users/amrifazlul/downloads/petcareplus2/backend/tests/petcare.integration.tests/bin/debug/net9.0/petcare.integration.tests.dll" id="03d42b74-b08e-ef58-b1d4-1d2b0953c3b6">
      <Execution id="0a7a5fe0-15a4-43a9-890b-b23d36dd902a" />
      <TestMethod codeBase="/Users/amrifazlul/Downloads/PetCarePlus2/backend/tests/PetCare.Integration.Tests/bin/Debug/net9.0/PetCare.Integration.Tests.dll" adapterTypeName="executor://xunit/VsTestRunner2/netcoreapp" className="PetCare.Integration.Tests.BasicIntegrationTests" name="GetPets_WithInvalidToken_ShouldReturnUnauthorized" />
    </UnitTest>
    <UnitTest name="PetCare.Integration.Tests.BasicIntegrationTests.GetPets_WithoutAuthentication_ShouldReturnUnauthorized" storage="/users/amrifazlul/downloads/petcareplus2/backend/tests/petcare.integration.tests/bin/debug/net9.0/petcare.integration.tests.dll" id="a2dfa18b-b084-6dc4-aa9d-e1a6fc70cae7">
      <Execution id="b3b4cf1a-2032-4f88-93ce-f79367ed5cff" />
      <TestMethod codeBase="/Users/amrifazlul/Downloads/PetCarePlus2/backend/tests/PetCare.Integration.Tests/bin/Debug/net9.0/PetCare.Integration.Tests.dll" adapterTypeName="executor://xunit/VsTestRunner2/netcoreapp" className="PetCare.Integration.Tests.BasicIntegrationTests" name="GetPets_WithoutAuthentication_ShouldReturnUnauthorized" />
    </UnitTest>
    <UnitTest name="PetCare.Integration.Tests.BasicIntegrationTests.ApiHealth_ShouldReturnOk" storage="/users/amrifazlul/downloads/petcareplus2/backend/tests/petcare.integration.tests/bin/debug/net9.0/petcare.integration.tests.dll" id="91159039-06b8-f973-34ee-55d4c8b8917e">
      <Execution id="3992113e-001f-49fc-a0f2-fc7b1d243b47" />
      <TestMethod codeBase="/Users/amrifazlul/Downloads/PetCarePlus2/backend/tests/PetCare.Integration.Tests/bin/Debug/net9.0/PetCare.Integration.Tests.dll" adapterTypeName="executor://xunit/VsTestRunner2/netcoreapp" className="PetCare.Integration.Tests.BasicIntegrationTests" name="ApiHealth_ShouldReturnOk" />
    </UnitTest>
  </TestDefinitions>
  <TestEntries>
    <TestEntry testId="a2dfa18b-b084-6dc4-aa9d-e1a6fc70cae7" executionId="b3b4cf1a-2032-4f88-93ce-f79367ed5cff" testListId="8c84fa94-04c1-424b-9868-57a2d4851a1d" />
    <TestEntry testId="03d42b74-b08e-ef58-b1d4-1d2b0953c3b6" executionId="0a7a5fe0-15a4-43a9-890b-b23d36dd902a" testListId="8c84fa94-04c1-424b-9868-57a2d4851a1d" />
    <TestEntry testId="91159039-06b8-f973-34ee-55d4c8b8917e" executionId="3992113e-001f-49fc-a0f2-fc7b1d243b47" testListId="8c84fa94-04c1-424b-9868-57a2d4851a1d" />
  </TestEntries>
  <TestLists>
    <TestList name="Results Not in a List" id="8c84fa94-04c1-424b-9868-57a2d4851a1d" />
    <TestList name="All Loaded Results" id="19431567-8539-422a-85d7-44ee4e166bda" />
  </TestLists>
  <ResultSummary outcome="Failed">
    <Counters total="3" executed="3" passed="0" failed="3" error="0" timeout="0" aborted="0" inconclusive="0" passedButRunAborted="0" notRunnable="0" notExecuted="0" disconnected="0" warning="0" completed="0" inProgress="0" pending="0" />
    <Output>
      <StdOut>[xUnit.net 00:00:00.00] xUnit.net VSTest Adapter v2.8.2+699d445a1a (64-bit .NET 9.0.8)
[xUnit.net 00:00:00.19]   Discovering: PetCare.Integration.Tests
[xUnit.net 00:00:00.25]   Discovered:  PetCare.Integration.Tests
[xUnit.net 00:00:00.25]   Starting:    PetCare.Integration.Tests
[xUnit.net 00:00:00.98]       System.InvalidOperationException : Services for database providers 'Pomelo.EntityFrameworkCore.MySql', 'Microsoft.EntityFrameworkCore.InMemory' have been registered in the service provider. Only a single database provider can be registered in a service provider. If possible, ensure that Entity Framework is managing its service provider by removing the call to 'UseInternalServiceProvider'. Otherwise, consider conditionally registering the database provider, or maintaining one service provider per database provider.
[xUnit.net 00:00:00.98]       Stack Trace:
[xUnit.net 00:00:00.98]            at Microsoft.EntityFrameworkCore.Internal.DbContextServices.Initialize(IServiceProvider scopedProvider, DbContextOptions contextOptions, DbContext context)
[xUnit.net 00:00:00.98]            at Microsoft.EntityFrameworkCore.DbContext.get_ContextServices()
[xUnit.net 00:00:00.98]            at Microsoft.EntityFrameworkCore.DbContext.get_InternalServiceProvider()
[xUnit.net 00:00:00.98]            at Microsoft.EntityFrameworkCore.DbContext.Microsoft.EntityFrameworkCore.Infrastructure.IInfrastructure&lt;System.IServiceProvider&gt;.get_Instance()
[xUnit.net 00:00:00.98]            at Microsoft.EntityFrameworkCore.Infrastructure.DatabaseFacade.Microsoft.EntityFrameworkCore.Infrastructure.IInfrastructure&lt;System.IServiceProvider&gt;.get_Instance()
[xUnit.net 00:00:00.98]            at Microsoft.EntityFrameworkCore.RelationalDatabaseFacadeExtensions.GetRelationalService[TService](IInfrastructure`1 databaseFacade)
[xUnit.net 00:00:00.98]            at Microsoft.EntityFrameworkCore.RelationalDatabaseFacadeExtensions.Migrate(DatabaseFacade databaseFacade)
[xUnit.net 00:00:00.98]         /Users/amrifazlul/Downloads/PetCarePlus2/backend/src/PetCare.Api/Program.cs(156,0): at Program.&lt;Main&gt;$(String[] args)
[xUnit.net 00:00:00.98]            at System.RuntimeMethodHandle.InvokeMethod(Object target, Void** arguments, Signature sig, Boolean isConstructor)
[xUnit.net 00:00:00.98]            at System.Reflection.MethodBaseInvoker.InvokeDirectByRefWithFewArgs(Object obj, Span`1 copyOfArgs, BindingFlags invokeAttr)
[xUnit.net 00:00:00.98]         --- End of stack trace from previous location ---
[xUnit.net 00:00:00.98]            at Microsoft.AspNetCore.Mvc.Testing.DeferredHostBuilder.DeferredHost.StartAsync(CancellationToken cancellationToken)
[xUnit.net 00:00:00.98]            at Microsoft.Extensions.Hosting.HostingAbstractionsHostExtensions.Start(IHost host)
[xUnit.net 00:00:00.98]            at Microsoft.AspNetCore.Mvc.Testing.WebApplicationFactory`1.CreateHost(IHostBuilder builder)
[xUnit.net 00:00:00.98]            at Microsoft.AspNetCore.Mvc.Testing.WebApplicationFactory`1.DelegatedWebApplicationFactory.CreateHost(IHostBuilder builder)
[xUnit.net 00:00:00.98]            at Microsoft.AspNetCore.Mvc.Testing.WebApplicationFactory`1.ConfigureHostBuilder(IHostBuilder hostBuilder)
[xUnit.net 00:00:00.98]            at Microsoft.AspNetCore.Mvc.Testing.WebApplicationFactory`1.EnsureServer()
[xUnit.net 00:00:00.98]            at Microsoft.AspNetCore.Mvc.Testing.WebApplicationFactory`1.CreateDefaultClient(DelegatingHandler[] handlers)
[xUnit.net 00:00:00.98]            at Microsoft.AspNetCore.Mvc.Testing.WebApplicationFactory`1.CreateDefaultClient(Uri baseAddress, DelegatingHandler[] handlers)
[xUnit.net 00:00:00.98]            at Microsoft.AspNetCore.Mvc.Testing.WebApplicationFactory`1.CreateClient(WebApplicationFactoryClientOptions options)
[xUnit.net 00:00:00.98]            at Microsoft.AspNetCore.Mvc.Testing.WebApplicationFactory`1.CreateClient()
[xUnit.net 00:00:00.98]         /Users/amrifazlul/Downloads/PetCarePlus2/backend/tests/PetCare.Integration.Tests/BasicIntegrationTests.cs(46,0): at PetCare.Integration.Tests.BasicIntegrationTests..ctor(WebApplicationFactory`1 factory)
[xUnit.net 00:00:00.98]            at System.RuntimeMethodHandle.InvokeMethod(Object target, Void** arguments, Signature sig, Boolean isConstructor)
[xUnit.net 00:00:00.98]            at System.Reflection.MethodBaseInvoker.InvokeDirectByRefWithFewArgs(Object obj, Span`1 copyOfArgs, BindingFlags invokeAttr)
[xUnit.net 00:00:01.03]       System.InvalidOperationException : Services for database providers 'Pomelo.EntityFrameworkCore.MySql', 'Microsoft.EntityFrameworkCore.InMemory' have been registered in the service provider. Only a single database provider can be registered in a service provider. If possible, ensure that Entity Framework is managing its service provider by removing the call to 'UseInternalServiceProvider'. Otherwise, consider conditionally registering the database provider, or maintaining one service provider per database provider.
[xUnit.net 00:00:01.03]       Stack Trace:
[xUnit.net 00:00:01.03]            at Microsoft.EntityFrameworkCore.Internal.DbContextServices.Initialize(IServiceProvider scopedProvider, DbContextOptions contextOptions, DbContext context)
[xUnit.net 00:00:01.03]            at Microsoft.EntityFrameworkCore.DbContext.get_ContextServices()
[xUnit.net 00:00:01.03]            at Microsoft.EntityFrameworkCore.DbContext.get_InternalServiceProvider()
[xUnit.net 00:00:01.03]            at Microsoft.EntityFrameworkCore.DbContext.Microsoft.EntityFrameworkCore.Infrastructure.IInfrastructure&lt;System.IServiceProvider&gt;.get_Instance()
[xUnit.net 00:00:01.03]            at Microsoft.EntityFrameworkCore.Infrastructure.DatabaseFacade.Microsoft.EntityFrameworkCore.Infrastructure.IInfrastructure&lt;System.IServiceProvider&gt;.get_Instance()
[xUnit.net 00:00:01.03]            at Microsoft.EntityFrameworkCore.RelationalDatabaseFacadeExtensions.GetRelationalService[TService](IInfrastructure`1 databaseFacade)
[xUnit.net 00:00:01.03]            at Microsoft.EntityFrameworkCore.RelationalDatabaseFacadeExtensions.Migrate(DatabaseFacade databaseFacade)
[xUnit.net 00:00:01.03]         /Users/amrifazlul/Downloads/PetCarePlus2/backend/src/PetCare.Api/Program.cs(156,0): at Program.&lt;Main&gt;$(String[] args)
[xUnit.net 00:00:01.03]            at InvokeStub_Program.&lt;Main&gt;$(Object, Span`1)
[xUnit.net 00:00:01.03]            at System.Reflection.MethodBaseInvoker.InvokeWithOneArg(Object obj, BindingFlags invokeAttr, Binder binder, Object[] parameters, CultureInfo culture)
[xUnit.net 00:00:01.03]         --- End of stack trace from previous location ---
[xUnit.net 00:00:01.03]            at Microsoft.AspNetCore.Mvc.Testing.DeferredHostBuilder.DeferredHost.StartAsync(CancellationToken cancellationToken)
[xUnit.net 00:00:01.03]            at Microsoft.Extensions.Hosting.HostingAbstractionsHostExtensions.Start(IHost host)
[xUnit.net 00:00:01.03]            at Microsoft.AspNetCore.Mvc.Testing.WebApplicationFactory`1.CreateHost(IHostBuilder builder)
[xUnit.net 00:00:01.03]            at Microsoft.AspNetCore.Mvc.Testing.WebApplicationFactory`1.DelegatedWebApplicationFactory.CreateHost(IHostBuilder builder)
[xUnit.net 00:00:01.03]            at Microsoft.AspNetCore.Mvc.Testing.WebApplicationFactory`1.ConfigureHostBuilder(IHostBuilder hostBuilder)
[xUnit.net 00:00:01.03]            at Microsoft.AspNetCore.Mvc.Testing.WebApplicationFactory`1.EnsureServer()
[xUnit.net 00:00:01.03]            at Microsoft.AspNetCore.Mvc.Testing.WebApplicationFactory`1.CreateDefaultClient(DelegatingHandler[] handlers)
[xUnit.net 00:00:01.03]            at Microsoft.AspNetCore.Mvc.Testing.WebApplicationFactory`1.CreateDefaultClient(Uri baseAddress, DelegatingHandler[] handlers)
[xUnit.net 00:00:01.03]            at Microsoft.AspNetCore.Mvc.Testing.WebApplicationFactory`1.CreateClient(WebApplicationFactoryClientOptions options)
[xUnit.net 00:00:01.03]            at Microsoft.AspNetCore.Mvc.Testing.WebApplicationFactory`1.CreateClient()
[xUnit.net 00:00:01.03]         /Users/amrifazlul/Downloads/PetCarePlus2/backend/tests/PetCare.Integration.Tests/BasicIntegrationTests.cs(46,0): at PetCare.Integration.Tests.BasicIntegrationTests..ctor(WebApplicationFactory`1 factory)
[xUnit.net 00:00:01.03]            at InvokeStub_BasicIntegrationTests..ctor(Object, Span`1)
[xUnit.net 00:00:01.03]            at System.Reflection.MethodBaseInvoker.InvokeWithOneArg(Object obj, BindingFlags invokeAttr, Binder binder, Object[] parameters, CultureInfo culture)
[xUnit.net 00:00:01.07]       System.InvalidOperationException : Services for database providers 'Pomelo.EntityFrameworkCore.MySql', 'Microsoft.EntityFrameworkCore.InMemory' have been registered in the service provider. Only a single database provider can be registered in a service provider. If possible, ensure that Entity Framework is managing its service provider by removing the call to 'UseInternalServiceProvider'. Otherwise, consider conditionally registering the database provider, or maintaining one service provider per database provider.
[xUnit.net 00:00:01.07]       Stack Trace:
[xUnit.net 00:00:01.07]            at Microsoft.EntityFrameworkCore.Internal.DbContextServices.Initialize(IServiceProvider scopedProvider, DbContextOptions contextOptions, DbContext context)
[xUnit.net 00:00:01.07]            at Microsoft.EntityFrameworkCore.DbContext.get_ContextServices()
[xUnit.net 00:00:01.07]            at Microsoft.EntityFrameworkCore.DbContext.get_InternalServiceProvider()
[xUnit.net 00:00:01.07]            at Microsoft.EntityFrameworkCore.DbContext.Microsoft.EntityFrameworkCore.Infrastructure.IInfrastructure&lt;System.IServiceProvider&gt;.get_Instance()
[xUnit.net 00:00:01.07]            at Microsoft.EntityFrameworkCore.Infrastructure.DatabaseFacade.Microsoft.EntityFrameworkCore.Infrastructure.IInfrastructure&lt;System.IServiceProvider&gt;.get_Instance()
[xUnit.net 00:00:01.07]            at Microsoft.EntityFrameworkCore.RelationalDatabaseFacadeExtensions.GetRelationalService[TService](IInfrastructure`1 databaseFacade)
[xUnit.net 00:00:01.07]            at Microsoft.EntityFrameworkCore.RelationalDatabaseFacadeExtensions.Migrate(DatabaseFacade databaseFacade)
[xUnit.net 00:00:01.07]         /Users/amrifazlul/Downloads/PetCarePlus2/backend/src/PetCare.Api/Program.cs(156,0): at Program.&lt;Main&gt;$(String[] args)
[xUnit.net 00:00:01.07]            at InvokeStub_Program.&lt;Main&gt;$(Object, Span`1)
[xUnit.net 00:00:01.07]            at System.Reflection.MethodBaseInvoker.InvokeWithOneArg(Object obj, BindingFlags invokeAttr, Binder binder, Object[] parameters, CultureInfo culture)
[xUnit.net 00:00:01.07]         --- End of stack trace from previous location ---
[xUnit.net 00:00:01.07]            at Microsoft.AspNetCore.Mvc.Testing.DeferredHostBuilder.DeferredHost.StartAsync(CancellationToken cancellationToken)
[xUnit.net 00:00:01.07]            at Microsoft.Extensions.Hosting.HostingAbstractionsHostExtensions.Start(IHost host)
[xUnit.net 00:00:01.07]            at Microsoft.AspNetCore.Mvc.Testing.WebApplicationFactory`1.CreateHost(IHostBuilder builder)
[xUnit.net 00:00:01.07]            at Microsoft.AspNetCore.Mvc.Testing.WebApplicationFactory`1.DelegatedWebApplicationFactory.CreateHost(IHostBuilder builder)
[xUnit.net 00:00:01.07]            at Microsoft.AspNetCore.Mvc.Testing.WebApplicationFactory`1.ConfigureHostBuilder(IHostBuilder hostBuilder)
[xUnit.net 00:00:01.07]            at Microsoft.AspNetCore.Mvc.Testing.WebApplicationFactory`1.EnsureServer()
[xUnit.net 00:00:01.07]            at Microsoft.AspNetCore.Mvc.Testing.WebApplicationFactory`1.CreateDefaultClient(DelegatingHandler[] handlers)
[xUnit.net 00:00:01.07]            at Microsoft.AspNetCore.Mvc.Testing.WebApplicationFactory`1.CreateDefaultClient(Uri baseAddress, DelegatingHandler[] handlers)
[xUnit.net 00:00:01.07]            at Microsoft.AspNetCore.Mvc.Testing.WebApplicationFactory`1.CreateClient(WebApplicationFactoryClientOptions options)
[xUnit.net 00:00:01.07]            at Microsoft.AspNetCore.Mvc.Testing.WebApplicationFactory`1.CreateClient()
[xUnit.net 00:00:01.07]         /Users/amrifazlul/Downloads/PetCarePlus2/backend/tests/PetCare.Integration.Tests/BasicIntegrationTests.cs(46,0): at PetCare.Integration.Tests.BasicIntegrationTests..ctor(WebApplicationFactory`1 factory)
[xUnit.net 00:00:01.07]            at InvokeStub_BasicIntegrationTests..ctor(Object, Span`1)
[xUnit.net 00:00:01.07]            at System.Reflection.MethodBaseInvoker.InvokeWithOneArg(Object obj, BindingFlags invokeAttr, Binder binder, Object[] parameters, CultureInfo culture)
[xUnit.net 00:00:01.08]   Finished:    PetCare.Integration.Tests
</StdOut>
    </Output>
    <RunInfos>
      <RunInfo computerName="Amris-MacBook-Pro" outcome="Error" timestamp="2025-09-24T08:08:42.9518160+05:30">
        <Text>[xUnit.net 00:00:00.98]     PetCare.Integration.Tests.BasicIntegrationTests.GetPets_WithoutAuthentication_ShouldReturnUnauthorized [FAIL]</Text>
      </RunInfo>
      <RunInfo computerName="Amris-MacBook-Pro" outcome="Error" timestamp="2025-09-24T08:08:43.0041000+05:30">
        <Text>[xUnit.net 00:00:01.03]     PetCare.Integration.Tests.BasicIntegrationTests.ApiHealth_ShouldReturnOk [FAIL]</Text>
      </RunInfo>
      <RunInfo computerName="Amris-MacBook-Pro" outcome="Error" timestamp="2025-09-24T08:08:43.0451940+05:30">
        <Text>[xUnit.net 00:00:01.07]     PetCare.Integration.Tests.BasicIntegrationTests.GetPets_WithInvalidToken_ShouldReturnUnauthorized [FAIL]</Text>
      </RunInfo>
    </RunInfos>
    <CollectorDataEntries>
      <Collector agentName="Amris-MacBook-Pro" uri="datacollector://microsoft/CoverletCodeCoverage/1.0" collectorDisplayName="XPlat code coverage">
        <UriAttachments>
          <UriAttachment>
            <A href="Amris-MacBook-Pro/coverage.cobertura.xml"></A>
          </UriAttachment>
        </UriAttachments>
      </Collector>
    </CollectorDataEntries>
  </ResultSummary>
</TestRun>