<?xml version="1.0" encoding="utf-8"?>
<TestRun id="bab82a6b-57ec-4365-a1cc-6d25f864b6be" name="@Amris-MacBook-Pro 2025-09-24 08:17:35" xmlns="http://microsoft.com/schemas/VisualStudio/TeamTest/2010">
  <Times creation="2025-09-24T08:17:35.3026070+05:30" queuing="2025-09-24T08:17:35.3026080+05:30" start="2025-09-24T08:17:22.3300860+05:30" finish="2025-09-24T08:17:35.3268190+05:30" />
  <TestSettings name="default" id="f2a97ece-e81d-42c8-ba11-a02f6f2030e1">
    <Deployment runDeploymentRoot="_Amris-MacBook-Pro_2025-09-24_08_17_35" />
  </TestSettings>
  <Results>
    <UnitTestResult executionId="3e860adb-4a2b-4276-959d-6cb18f9f4d4a" testId="91159039-06b8-f973-34ee-55d4c8b8917e" testName="PetCare.Integration.Tests.BasicIntegrationTests.ApiHealth_ShouldReturnOk" computerName="Amris-MacBook-Pro" duration="00:00:00.3022488" startTime="2025-09-24T08:17:34.1584900+05:30" endTime="2025-09-24T08:17:34.1584900+05:30" testType="13cdc9d9-ddb5-4fa4-a97d-d965ccfc6d4b" outcome="Passed" testListId="8c84fa94-04c1-424b-9868-57a2d4851a1d" relativeResultsDirectory="3e860adb-4a2b-4276-959d-6cb18f9f4d4a" />
    <UnitTestResult executionId="2bd76b9a-4272-4ba6-b69c-514fd9a12b1e" testId="a2dfa18b-b084-6dc4-aa9d-e1a6fc70cae7" testName="PetCare.Integration.Tests.BasicIntegrationTests.GetPets_WithoutAuthentication_ShouldReturnUnauthorized" computerName="Amris-MacBook-Pro" duration="00:00:01.5298472" startTime="2025-09-24T08:17:33.8561690+05:30" endTime="2025-09-24T08:17:33.8562090+05:30" testType="13cdc9d9-ddb5-4fa4-a97d-d965ccfc6d4b" outcome="Passed" testListId="8c84fa94-04c1-424b-9868-57a2d4851a1d" relativeResultsDirectory="2bd76b9a-4272-4ba6-b69c-514fd9a12b1e" />
    <UnitTestResult executionId="8e21be69-5683-488a-b074-6609fb56ae5f" testId="03d42b74-b08e-ef58-b1d4-1d2b0953c3b6" testName="PetCare.Integration.Tests.BasicIntegrationTests.GetPets_WithInvalidToken_ShouldReturnUnauthorized" computerName="Amris-MacBook-Pro" duration="00:00:00.0959991" startTime="2025-09-24T08:17:34.2548840+05:30" endTime="2025-09-24T08:17:34.2548840+05:30" testType="13cdc9d9-ddb5-4fa4-a97d-d965ccfc6d4b" outcome="Passed" testListId="8c84fa94-04c1-424b-9868-57a2d4851a1d" relativeResultsDirectory="8e21be69-5683-488a-b074-6609fb56ae5f" />
  </Results>
  <TestDefinitions>
    <UnitTest name="PetCare.Integration.Tests.BasicIntegrationTests.GetPets_WithInvalidToken_ShouldReturnUnauthorized" storage="/users/amrifazlul/downloads/petcareplus2/backend/tests/petcare.integration.tests/bin/debug/net9.0/petcare.integration.tests.dll" id="03d42b74-b08e-ef58-b1d4-1d2b0953c3b6">
      <Execution id="8e21be69-5683-488a-b074-6609fb56ae5f" />
      <TestMethod codeBase="/Users/amrifazlul/Downloads/PetCarePlus2/backend/tests/PetCare.Integration.Tests/bin/Debug/net9.0/PetCare.Integration.Tests.dll" adapterTypeName="executor://xunit/VsTestRunner2/netcoreapp" className="PetCare.Integration.Tests.BasicIntegrationTests" name="GetPets_WithInvalidToken_ShouldReturnUnauthorized" />
    </UnitTest>
    <UnitTest name="PetCare.Integration.Tests.BasicIntegrationTests.GetPets_WithoutAuthentication_ShouldReturnUnauthorized" storage="/users/amrifazlul/downloads/petcareplus2/backend/tests/petcare.integration.tests/bin/debug/net9.0/petcare.integration.tests.dll" id="a2dfa18b-b084-6dc4-aa9d-e1a6fc70cae7">
      <Execution id="2bd76b9a-4272-4ba6-b69c-514fd9a12b1e" />
      <TestMethod codeBase="/Users/amrifazlul/Downloads/PetCarePlus2/backend/tests/PetCare.Integration.Tests/bin/Debug/net9.0/PetCare.Integration.Tests.dll" adapterTypeName="executor://xunit/VsTestRunner2/netcoreapp" className="PetCare.Integration.Tests.BasicIntegrationTests" name="GetPets_WithoutAuthentication_ShouldReturnUnauthorized" />
    </UnitTest>
    <UnitTest name="PetCare.Integration.Tests.BasicIntegrationTests.ApiHealth_ShouldReturnOk" storage="/users/amrifazlul/downloads/petcareplus2/backend/tests/petcare.integration.tests/bin/debug/net9.0/petcare.integration.tests.dll" id="91159039-06b8-f973-34ee-55d4c8b8917e">
      <Execution id="3e860adb-4a2b-4276-959d-6cb18f9f4d4a" />
      <TestMethod codeBase="/Users/amrifazlul/Downloads/PetCarePlus2/backend/tests/PetCare.Integration.Tests/bin/Debug/net9.0/PetCare.Integration.Tests.dll" adapterTypeName="executor://xunit/VsTestRunner2/netcoreapp" className="PetCare.Integration.Tests.BasicIntegrationTests" name="ApiHealth_ShouldReturnOk" />
    </UnitTest>
  </TestDefinitions>
  <TestEntries>
    <TestEntry testId="91159039-06b8-f973-34ee-55d4c8b8917e" executionId="3e860adb-4a2b-4276-959d-6cb18f9f4d4a" testListId="8c84fa94-04c1-424b-9868-57a2d4851a1d" />
    <TestEntry testId="a2dfa18b-b084-6dc4-aa9d-e1a6fc70cae7" executionId="2bd76b9a-4272-4ba6-b69c-514fd9a12b1e" testListId="8c84fa94-04c1-424b-9868-57a2d4851a1d" />
    <TestEntry testId="03d42b74-b08e-ef58-b1d4-1d2b0953c3b6" executionId="8e21be69-5683-488a-b074-6609fb56ae5f" testListId="8c84fa94-04c1-424b-9868-57a2d4851a1d" />
  </TestEntries>
  <TestLists>
    <TestList name="Results Not in a List" id="8c84fa94-04c1-424b-9868-57a2d4851a1d" />
    <TestList name="All Loaded Results" id="19431567-8539-422a-85d7-44ee4e166bda" />
  </TestLists>
  <ResultSummary outcome="Completed">
    <Counters total="3" executed="3" passed="3" failed="0" error="0" timeout="0" aborted="0" inconclusive="0" passedButRunAborted="0" notRunnable="0" notExecuted="0" disconnected="0" warning="0" completed="0" inProgress="0" pending="0" />
    <Output>
      <StdOut>[xUnit.net 00:00:00.00] xUnit.net VSTest Adapter v2.8.2+699d445a1a (64-bit .NET 9.0.8)
[xUnit.net 00:00:00.16]   Discovering: PetCare.Integration.Tests
[xUnit.net 00:00:00.26]   Discovered:  PetCare.Integration.Tests
[xUnit.net 00:00:00.28]   Starting:    PetCare.Integration.Tests
[xUnit.net 00:00:02.37]   Finished:    PetCare.Integration.Tests
</StdOut>
    </Output>
    <CollectorDataEntries>
      <Collector agentName="Amris-MacBook-Pro" uri="datacollector://microsoft/CoverletCodeCoverage/1.0" collectorDisplayName="XPlat code coverage">
        <UriAttachments>
          <UriAttachment>
            <A href="Amris-MacBook-Pro/coverage.cobertura.xml"></A>
          </UriAttachment>
        </UriAttachments>
      </Collector>
    </CollectorDataEntries>
  </ResultSummary>
</TestRun>